<?xml version="1.0" encoding="UTF-8"?>
<testsuite name="br.com.repositoriodeatividades.usecases.ImportMultipleChoiceExerciseTests" tests="0" skipped="0" failures="0" errors="0" timestamp="1970-01-01T00:00:00" hostname="MacBook-Pro-de-Jairo.local" time="0.0">
  <properties/>
  <system-out><![CDATA[2016-03-11 20:26:07.214  INFO 955 --- [    Test worker] o.s.t.c.support.AbstractContextLoader    : Could not detect default resource locations for test class [br.com.repositoriodeatividades.usecases.ImportMultipleChoiceExerciseTests]: no resource found for suffixes {-context.xml, Context.groovy}.
2016-03-11 20:26:07.310  INFO 955 --- [    Test worker] o.s.t.c.web.WebTestContextBootstrapper   : Loaded default TestExecutionListener class names from location [META-INF/spring.factories]: [org.springframework.test.context.web.ServletTestExecutionListener, org.springframework.test.context.support.DirtiesContextBeforeModesTestExecutionListener, org.springframework.test.context.support.DependencyInjectionTestExecutionListener, org.springframework.test.context.support.DirtiesContextTestExecutionListener, org.springframework.test.context.transaction.TransactionalTestExecutionListener, org.springframework.test.context.jdbc.SqlScriptsTestExecutionListener]
2016-03-11 20:26:07.311  INFO 955 --- [    Test worker] o.s.t.c.web.WebTestContextBootstrapper   : Using TestExecutionListeners: [org.springframework.test.context.web.ServletTestExecutionListener@2712ec1e, org.springframework.test.context.support.DirtiesContextBeforeModesTestExecutionListener@4b4bb99c, org.springframework.test.context.support.DependencyInjectionTestExecutionListener@5886d762, org.springframework.test.context.support.DirtiesContextTestExecutionListener@7ca69055, org.springframework.test.context.transaction.TransactionalTestExecutionListener@1b4dfc62, org.springframework.test.context.jdbc.SqlScriptsTestExecutionListener@1cf493ef]
]]></system-out>
  <system-err><![CDATA[]]></system-err>
</testsuite>
