<?xml version="1.0" encoding="UTF-8"?>
<testsuite name="br.com.repositoriodeatividades.domains.ExerciseParserTests" tests="1" skipped="0" failures="0" errors="0" timestamp="2016-03-11T23:26:07" hostname="MacBook-Pro-de-Jairo.local" time="0.025">
  <properties/>
  <testcase name="shouldExtractExercise" classname="br.com.repositoriodeatividades.domains.ExerciseParserTests" time="0.025"/>
  <system-out><![CDATA[20:25:54.327 [Test worker] DEBUG o.s.t.c.j.SpringJUnit4ClassRunner - SpringJUnit4ClassRunner constructor called with [class br.com.repositoriodeatividades.domains.ExerciseParserTests]
20:25:54.328 [Test worker] DEBUG o.s.test.context.BootstrapUtils - Instantiating CacheAwareContextLoaderDelegate from class [org.springframework.test.context.cache.DefaultCacheAwareContextLoaderDelegate]
20:25:54.328 [Test worker] DEBUG o.s.test.context.BootstrapUtils - Instantiating BootstrapContext using constructor [public org.springframework.test.context.support.DefaultBootstrapContext(java.lang.Class,org.springframework.test.context.CacheAwareContextLoaderDelegate)]
20:25:54.329 [Test worker] DEBUG o.s.test.context.BootstrapUtils - Instantiating TestContextBootstrapper for test class [br.com.repositoriodeatividades.domains.ExerciseParserTests] from class [org.springframework.test.context.web.WebTestContextBootstrapper]
20:25:54.332 [Test worker] DEBUG o.s.t.c.w.WebTestContextBootstrapper - Found explicit ContextLoader class [org.springframework.boot.test.SpringApplicationContextLoader] for context configuration attributes [ContextConfigurationAttributes@6c1b2a5c declaringClass = 'br.com.repositoriodeatividades.domains.ExerciseParserTests', classes = '{class br.com.repositoriodeatividades.Initializer}', locations = '{}', inheritLocations = true, initializers = '{}', inheritInitializers = true, name = [null], contextLoaderClass = 'org.springframework.boot.test.SpringApplicationContextLoader']
20:25:54.333 [Test worker] DEBUG o.s.t.c.s.AbstractContextLoader - Did not detect default resource location for test class [br.com.repositoriodeatividades.domains.ExerciseParserTests]: class path resource [br/com/repositoriodeatividades/domains/ExerciseParserTests-context.xml] does not exist
20:25:54.334 [Test worker] DEBUG o.s.t.c.s.AbstractContextLoader - Did not detect default resource location for test class [br.com.repositoriodeatividades.domains.ExerciseParserTests]: class path resource [br/com/repositoriodeatividades/domains/ExerciseParserTestsContext.groovy] does not exist
20:25:54.335 [Test worker] INFO  o.s.t.c.s.AbstractContextLoader - Could not detect default resource locations for test class [br.com.repositoriodeatividades.domains.ExerciseParserTests]: no resource found for suffixes {-context.xml, Context.groovy}.
20:25:54.335 [Test worker] DEBUG o.s.t.c.support.ActiveProfilesUtils - Could not find an 'annotation declaring class' for annotation type [org.springframework.test.context.ActiveProfiles] and class [br.com.repositoriodeatividades.domains.ExerciseParserTests]
20:25:54.336 [Test worker] DEBUG o.s.t.c.w.WebTestContextBootstrapper - @TestExecutionListeners is not present for class [br.com.repositoriodeatividades.domains.ExerciseParserTests]: using defaults.
20:25:54.340 [Test worker] INFO  o.s.t.c.w.WebTestContextBootstrapper - Loaded default TestExecutionListener class names from location [META-INF/spring.factories]: [org.springframework.test.context.web.ServletTestExecutionListener, org.springframework.test.context.support.DirtiesContextBeforeModesTestExecutionListener, org.springframework.test.context.support.DependencyInjectionTestExecutionListener, org.springframework.test.context.support.DirtiesContextTestExecutionListener, org.springframework.test.context.transaction.TransactionalTestExecutionListener, org.springframework.test.context.jdbc.SqlScriptsTestExecutionListener]
20:25:54.341 [Test worker] INFO  o.s.t.c.w.WebTestContextBootstrapper - Using TestExecutionListeners: [org.springframework.test.context.web.ServletTestExecutionListener@2ea69e07, org.springframework.test.context.support.DirtiesContextBeforeModesTestExecutionListener@3cd0f57e, org.springframework.test.context.support.DependencyInjectionTestExecutionListener@3aa54263, org.springframework.test.context.support.DirtiesContextTestExecutionListener@37a98fa9, org.springframework.test.context.transaction.TransactionalTestExecutionListener@5d16bccb, org.springframework.test.context.jdbc.SqlScriptsTestExecutionListener@7fc4e32b]
20:25:54.353 [Test worker] DEBUG o.s.t.annotation.ProfileValueUtils - Retrieved @ProfileValueSourceConfiguration [null] for test class [br.com.repositoriodeatividades.domains.ExerciseParserTests]
20:25:54.354 [Test worker] DEBUG o.s.t.annotation.ProfileValueUtils - Retrieved ProfileValueSource type [class org.springframework.test.annotation.SystemProfileValueSource] for class [br.com.repositoriodeatividades.domains.ExerciseParserTests]
20:25:54.356 [Test worker] DEBUG o.s.t.annotation.ProfileValueUtils - Retrieved @ProfileValueSourceConfiguration [null] for test class [br.com.repositoriodeatividades.domains.ExerciseParserTests]
20:25:54.356 [Test worker] DEBUG o.s.t.annotation.ProfileValueUtils - Retrieved ProfileValueSource type [class org.springframework.test.annotation.SystemProfileValueSource] for class [br.com.repositoriodeatividades.domains.ExerciseParserTests]
20:25:54.375 [Test worker] DEBUG o.s.t.c.s.AbstractDirtiesContextTestExecutionListener - Before test class: context [DefaultTestContext@3465f515 testClass = ExerciseParserTests, testInstance = [null], testMethod = [null], testException = [null], mergedContextConfiguration = [WebMergedContextConfiguration@11bd5093 testClass = ExerciseParserTests, locations = '{}', classes = '{class br.com.repositoriodeatividades.Initializer}', contextInitializerClasses = '[]', activeProfiles = '{}', propertySourceLocations = '{}', propertySourceProperties = '{}', resourceBasePath = 'src/main/webapp', contextLoader = 'org.springframework.boot.test.SpringApplicationContextLoader', parent = [null]]], class annotated with @DirtiesContext [false] with mode [null].
20:25:54.377 [Test worker] DEBUG o.s.t.annotation.ProfileValueUtils - Retrieved @ProfileValueSourceConfiguration [null] for test class [br.com.repositoriodeatividades.domains.ExerciseParserTests]
20:25:54.377 [Test worker] DEBUG o.s.t.annotation.ProfileValueUtils - Retrieved ProfileValueSource type [class org.springframework.test.annotation.SystemProfileValueSource] for class [br.com.repositoriodeatividades.domains.ExerciseParserTests]
20:25:54.616 [Test worker] DEBUG o.s.core.env.StandardEnvironment - Adding [systemProperties] PropertySource with lowest search precedence
20:25:54.619 [Test worker] DEBUG o.s.core.env.StandardEnvironment - Adding [systemEnvironment] PropertySource with lowest search precedence
20:25:54.619 [Test worker] DEBUG o.s.core.env.StandardEnvironment - Initialized StandardEnvironment with PropertySources [systemProperties,systemEnvironment]
20:25:54.621 [Test worker] DEBUG o.s.core.env.StandardEnvironment - Adding [integrationTest] PropertySource with search precedence immediately lower than [systemEnvironment]

  .   ____          _            __ _ _
 /\\ / ___'_ __ _ _(_)_ __  __ _ \ \ \ \
( ( )\___ | '_ | '_| | '_ \/ _` | \ \ \ \
 \\/  ___)| |_)| | | | | || (_| |  ) ) ) )
  '  |____| .__|_| |_|_| |_\__, | / / / /
 =========|_|==============|___/=/_/_/_/
 :: Spring Boot ::        (v1.3.3.RELEASE)

2016-03-11 20:25:55.423  INFO 955 --- [    Test worker] b.c.r.domains.ExerciseParserTests        : Starting ExerciseParserTests on MacBook-Pro-de-Jairo.local with PID 955 (/Users/jairomendes/Development/Projects/Faculdade/RepositorioDeAtividades/build/classes/test started by jairomendes in /Users/jairomendes/Development/Projects/Faculdade/RepositorioDeAtividades)
2016-03-11 20:25:55.437  INFO 955 --- [    Test worker] b.c.r.domains.ExerciseParserTests        : No active profile set, falling back to default profiles: default
2016-03-11 20:25:56.921  INFO 955 --- [    Test worker] o.s.w.c.s.GenericWebApplicationContext   : Refreshing org.springframework.web.context.support.GenericWebApplicationContext@38140c4: startup date [Fri Mar 11 20:25:56 BRT 2016]; root of context hierarchy
2016-03-11 20:26:00.149  INFO 955 --- [    Test worker] o.s.j.d.DriverManagerDataSource          : Loaded JDBC driver: com.mysql.jdbc.Driver
2016-03-11 20:26:00.176  INFO 955 --- [    Test worker] trationDelegate$BeanPostProcessorChecker : Bean 'dataSource' of type [class org.springframework.jdbc.datasource.DriverManagerDataSource] is not eligible for getting processed by all BeanPostProcessors (for example: not eligible for auto-proxying)
2016-03-11 20:26:00.183  INFO 955 --- [    Test worker] trationDelegate$BeanPostProcessorChecker : Bean 'databaseConfig' of type [class br.com.repositoriodeatividades.configs.DatabaseConfig$$EnhancerBySpringCGLIB$$576622de] is not eligible for getting processed by all BeanPostProcessors (for example: not eligible for auto-proxying)
2016-03-11 20:26:00.366  INFO 955 --- [    Test worker] trationDelegate$BeanPostProcessorChecker : Bean 'org.springframework.transaction.annotation.ProxyTransactionManagementConfiguration' of type [class org.springframework.transaction.annotation.ProxyTransactionManagementConfiguration$$EnhancerBySpringCGLIB$$107568e8] is not eligible for getting processed by all BeanPostProcessors (for example: not eligible for auto-proxying)
2016-03-11 20:26:00.624  INFO 955 --- [    Test worker] j.LocalContainerEntityManagerFactoryBean : Building JPA container EntityManagerFactory for persistence unit 'default'
2016-03-11 20:26:00.668  INFO 955 --- [    Test worker] o.hibernate.jpa.internal.util.LogHelper  : HHH000204: Processing PersistenceUnitInfo [
	name: default
	...]
2016-03-11 20:26:00.899  INFO 955 --- [    Test worker] org.hibernate.Version                    : HHH000412: Hibernate Core {4.3.11.Final}
2016-03-11 20:26:00.913  INFO 955 --- [    Test worker] org.hibernate.cfg.Environment            : HHH000206: hibernate.properties not found
2016-03-11 20:26:00.922  INFO 955 --- [    Test worker] org.hibernate.cfg.Environment            : HHH000021: Bytecode provider name : javassist
2016-03-11 20:26:01.382  INFO 955 --- [    Test worker] o.hibernate.annotations.common.Version   : HCANN000001: Hibernate Commons Annotations {4.0.5.Final}
2016-03-11 20:26:01.711  INFO 955 --- [    Test worker] org.hibernate.dialect.Dialect            : HHH000400: Using dialect: org.hibernate.dialect.MySQL5Dialect
2016-03-11 20:26:01.900  INFO 955 --- [    Test worker] o.h.h.i.ast.ASTQueryTranslatorFactory    : HHH000397: Using ASTQueryTranslatorFactory
2016-03-11 20:26:02.428  INFO 955 --- [    Test worker] org.hibernate.tool.hbm2ddl.SchemaExport  : HHH000227: Running hbm2ddl schema export
Hibernate: alter table exercise drop foreign key FK_raqm908vem2onudsy6ruys5r9
2016-03-11 20:26:02.449 ERROR 955 --- [    Test worker] org.hibernate.tool.hbm2ddl.SchemaExport  : HHH000389: Unsuccessful: alter table exercise drop foreign key FK_raqm908vem2onudsy6ruys5r9
2016-03-11 20:26:02.449 ERROR 955 --- [    Test worker] org.hibernate.tool.hbm2ddl.SchemaExport  : Table 'repository.exercise' doesn't exist
Hibernate: alter table exercise_option drop foreign key FK_f81b357hqubvnav5tjahj5t2p
2016-03-11 20:26:02.449 ERROR 955 --- [    Test worker] org.hibernate.tool.hbm2ddl.SchemaExport  : HHH000389: Unsuccessful: alter table exercise_option drop foreign key FK_f81b357hqubvnav5tjahj5t2p
2016-03-11 20:26:02.450 ERROR 955 --- [    Test worker] org.hibernate.tool.hbm2ddl.SchemaExport  : Table 'repository.exercise_option' doesn't exist
Hibernate: drop table if exists exercise
Hibernate: drop table if exists exercise_option
Hibernate: drop table if exists user
Hibernate: create table exercise (id bigint not null auto_increment, created datetime not null, deleted bit not null, enumerationType varchar(255) not null, label varchar(500) not null, type varchar(255) not null, teacher_id bigint, primary key (id))
Hibernate: create table exercise_option (id bigint not null auto_increment, created datetime not null, deleted bit not null, label varchar(255) not null, exercise_id bigint, primary key (id))
Hibernate: create table user (id bigint not null auto_increment, active bit not null, created datetime not null, email varchar(255) not null, password varchar(255) not null, username varchar(255) not null, primary key (id))
Hibernate: alter table exercise add constraint FK_raqm908vem2onudsy6ruys5r9 foreign key (teacher_id) references user (id)
Hibernate: alter table exercise_option add constraint FK_f81b357hqubvnav5tjahj5t2p foreign key (exercise_id) references exercise (id)
2016-03-11 20:26:02.552  INFO 955 --- [    Test worker] org.hibernate.tool.hbm2ddl.SchemaExport  : HHH000230: Schema export complete
2016-03-11 20:26:03.702  INFO 955 --- [    Test worker] s.w.s.m.m.a.RequestMappingHandlerMapping : Mapped "{[/uploadFile],methods=[GET]}" onto public java.lang.String br.com.repositoriodeatividades.controllers.FileController.showView()
2016-03-11 20:26:03.704  INFO 955 --- [    Test worker] s.w.s.m.m.a.RequestMappingHandlerMapping : Mapped "{[/uploadFile],methods=[POST]}" onto public org.springframework.http.ResponseEntity<?> br.com.repositoriodeatividades.controllers.FileController.uploadFile(org.springframework.web.multipart.MultipartFile)
2016-03-11 20:26:03.705  INFO 955 --- [    Test worker] s.w.s.m.m.a.RequestMappingHandlerMapping : Mapped "{[/ || /home]}" onto public java.lang.String br.com.repositoriodeatividades.controllers.HomeController.showView()
2016-03-11 20:26:03.706  INFO 955 --- [    Test worker] s.w.s.m.m.a.RequestMappingHandlerMapping : Mapped "{[/login]}" onto public java.lang.String br.com.repositoriodeatividades.controllers.LoginController.showView()
2016-03-11 20:26:03.729  INFO 955 --- [    Test worker] s.w.s.m.m.a.RequestMappingHandlerMapping : Mapped "{[/error]}" onto public org.springframework.http.ResponseEntity<java.util.Map<java.lang.String, java.lang.Object>> org.springframework.boot.autoconfigure.web.BasicErrorController.error(javax.servlet.http.HttpServletRequest)
2016-03-11 20:26:03.729  INFO 955 --- [    Test worker] s.w.s.m.m.a.RequestMappingHandlerMapping : Mapped "{[/error],produces=[text/html]}" onto public org.springframework.web.servlet.ModelAndView org.springframework.boot.autoconfigure.web.BasicErrorController.errorHtml(javax.servlet.http.HttpServletRequest,javax.servlet.http.HttpServletResponse)
2016-03-11 20:26:03.824  INFO 955 --- [    Test worker] o.s.w.s.handler.SimpleUrlHandlerMapping  : Mapped URL path [/**] onto handler of type [class org.springframework.web.servlet.resource.ResourceHttpRequestHandler]
2016-03-11 20:26:04.137  INFO 955 --- [    Test worker] s.w.s.m.m.a.RequestMappingHandlerAdapter : Looking for @ControllerAdvice: org.springframework.web.context.support.GenericWebApplicationContext@38140c4: startup date [Fri Mar 11 20:25:56 BRT 2016]; root of context hierarchy
2016-03-11 20:26:04.788  INFO 955 --- [    Test worker] o.s.s.web.DefaultSecurityFilterChain     : Creating filter chain: org.springframework.security.web.util.matcher.AnyRequestMatcher@1, [org.springframework.security.web.context.request.async.WebAsyncManagerIntegrationFilter@28317e8b, org.springframework.security.web.context.SecurityContextPersistenceFilter@3a83f8f, org.springframework.security.web.header.HeaderWriterFilter@7417aa59, org.springframework.security.web.authentication.logout.LogoutFilter@e010f8c, org.springframework.security.web.authentication.UsernamePasswordAuthenticationFilter@58936e7, org.springframework.security.web.savedrequest.RequestCacheAwareFilter@364e635d, org.springframework.security.web.servletapi.SecurityContextHolderAwareRequestFilter@66e536a3, org.springframework.security.web.authentication.AnonymousAuthenticationFilter@496aec4a, org.springframework.security.web.session.SessionManagementFilter@780a0c49, org.springframework.security.web.access.ExceptionTranslationFilter@248eb137, org.springframework.security.web.access.intercept.FilterSecurityInterceptor@3eb29d2b]
2016-03-11 20:26:07.098  INFO 955 --- [    Test worker] b.c.r.domains.ExerciseParserTests        : Started ExerciseParserTests in 12.459 seconds (JVM running for 14.766)
]]></system-out>
  <system-err><![CDATA[]]></system-err>
</testsuite>
