<?xml version="1.0" encoding="UTF-8"?>
<testsuite name="br.com.repositoriodeatividades.domains.ExerciseExtractorTests" tests="0" skipped="0" failures="0" errors="0" timestamp="1970-01-01T00:00:00" hostname="MacBook-Pro-de-Jairo.local" time="0.0">
  <properties/>
  <system-out><![CDATA[20:25:54.120 [Test worker] DEBUG o.s.t.c.j.SpringJUnit4ClassRunner - SpringJUnit4ClassRunner constructor called with [class br.com.repositoriodeatividades.domains.ExerciseExtractorTests]
20:25:54.127 [Test worker] DEBUG o.s.test.context.BootstrapUtils - Instantiating CacheAwareContextLoaderDelegate from class [org.springframework.test.context.cache.DefaultCacheAwareContextLoaderDelegate]
20:25:54.141 [Test worker] DEBUG o.s.test.context.BootstrapUtils - Instantiating BootstrapContext using constructor [public org.springframework.test.context.support.DefaultBootstrapContext(java.lang.Class,org.springframework.test.context.CacheAwareContextLoaderDelegate)]
20:25:54.175 [Test worker] DEBUG o.s.test.context.BootstrapUtils - Instantiating TestContextBootstrapper for test class [br.com.repositoriodeatividades.domains.ExerciseExtractorTests] from class [org.springframework.test.context.web.WebTestContextBootstrapper]
20:25:54.228 [Test worker] DEBUG o.s.t.c.w.WebTestContextBootstrapper - Found explicit ContextLoader class [org.springframework.boot.test.SpringApplicationContextLoader] for context configuration attributes [ContextConfigurationAttributes@647f84c9 declaringClass = 'br.com.repositoriodeatividades.domains.ExerciseExtractorTests', classes = '{class br.com.repositoriodeatividades.Initializer}', locations = '{}', inheritLocations = true, initializers = '{}', inheritInitializers = true, name = [null], contextLoaderClass = 'org.springframework.boot.test.SpringApplicationContextLoader']
20:25:54.238 [Test worker] DEBUG o.s.t.c.s.AbstractContextLoader - Did not detect default resource location for test class [br.com.repositoriodeatividades.domains.ExerciseExtractorTests]: class path resource [br/com/repositoriodeatividades/domains/ExerciseExtractorTests-context.xml] does not exist
20:25:54.239 [Test worker] DEBUG o.s.t.c.s.AbstractContextLoader - Did not detect default resource location for test class [br.com.repositoriodeatividades.domains.ExerciseExtractorTests]: class path resource [br/com/repositoriodeatividades/domains/ExerciseExtractorTestsContext.groovy] does not exist
20:25:54.239 [Test worker] INFO  o.s.t.c.s.AbstractContextLoader - Could not detect default resource locations for test class [br.com.repositoriodeatividades.domains.ExerciseExtractorTests]: no resource found for suffixes {-context.xml, Context.groovy}.
20:25:54.246 [Test worker] DEBUG o.s.t.c.support.ActiveProfilesUtils - Could not find an 'annotation declaring class' for annotation type [org.springframework.test.context.ActiveProfiles] and class [br.com.repositoriodeatividades.domains.ExerciseExtractorTests]
20:25:54.257 [Test worker] DEBUG o.s.t.c.w.WebTestContextBootstrapper - @TestExecutionListeners is not present for class [br.com.repositoriodeatividades.domains.ExerciseExtractorTests]: using defaults.
20:25:54.270 [Test worker] INFO  o.s.t.c.w.WebTestContextBootstrapper - Loaded default TestExecutionListener class names from location [META-INF/spring.factories]: [org.springframework.test.context.web.ServletTestExecutionListener, org.springframework.test.context.support.DirtiesContextBeforeModesTestExecutionListener, org.springframework.test.context.support.DependencyInjectionTestExecutionListener, org.springframework.test.context.support.DirtiesContextTestExecutionListener, org.springframework.test.context.transaction.TransactionalTestExecutionListener, org.springframework.test.context.jdbc.SqlScriptsTestExecutionListener]
20:25:54.321 [Test worker] INFO  o.s.t.c.w.WebTestContextBootstrapper - Using TestExecutionListeners: [org.springframework.test.context.web.ServletTestExecutionListener@1940960c, org.springframework.test.context.support.DirtiesContextBeforeModesTestExecutionListener@5f3afac7, org.springframework.test.context.support.DependencyInjectionTestExecutionListener@19264fa9, org.springframework.test.context.support.DirtiesContextTestExecutionListener@2237ed25, org.springframework.test.context.transaction.TransactionalTestExecutionListener@5b229b0, org.springframework.test.context.jdbc.SqlScriptsTestExecutionListener@73cee4bb]
]]></system-out>
  <system-err><![CDATA[]]></system-err>
</testsuite>
